2022-02-21 14:19:57.543  INFO 18988 --- [main] hechem.spring.BanqueProjetApplication    : Starting BanqueProjetApplication using Java 1.8.0_221 on DESKTOP-C8JGCUS with PID 18988 (D:\Spring\Work\banque_projet\target\classes started by Amine Gongi in D:\Spring\Work\banque_projet)
2022-02-21 14:19:57.555  INFO 18988 --- [main] hechem.spring.BanqueProjetApplication    : No active profile set, falling back to default profiles: default
2022-02-21 14:19:58.302  INFO 18988 --- [main] .s.d.r.c.RepositoryConfigurationDelegate : Bootstrapping Spring Data JPA repositories in DEFAULT mode.
2022-02-21 14:19:58.393  INFO 18988 --- [main] .s.d.r.c.RepositoryConfigurationDelegate : Finished Spring Data repository scanning in 77 ms. Found 4 JPA repository interfaces.
2022-02-21 14:19:58.940  INFO 18988 --- [main] o.s.b.w.embedded.tomcat.TomcatWebServer  : Tomcat initialized with port(s): 8081 (http)
2022-02-21 14:19:58.958  INFO 18988 --- [main] o.apache.catalina.core.StandardService   : Starting service [Tomcat]
2022-02-21 14:19:58.959  INFO 18988 --- [main] org.apache.catalina.core.StandardEngine  : Starting Servlet engine: [Apache Tomcat/9.0.56]
2022-02-21 14:19:59.062  INFO 18988 --- [main] o.a.c.c.C.[Tomcat].[localhost].[/]       : Initializing Spring embedded WebApplicationContext
2022-02-21 14:19:59.062  INFO 18988 --- [main] w.s.c.ServletWebServerApplicationContext : Root WebApplicationContext: initialization completed in 1426 ms
2022-02-21 14:19:59.263  INFO 18988 --- [main] o.hibernate.jpa.internal.util.LogHelper  : HHH000204: Processing PersistenceUnitInfo [name: default]
2022-02-21 14:19:59.316  INFO 18988 --- [main] org.hibernate.Version                    : HHH000412: Hibernate ORM core version 5.6.4.Final
2022-02-21 14:19:59.475  INFO 18988 --- [main] o.hibernate.annotations.common.Version   : HCANN000001: Hibernate Commons Annotations {5.1.2.Final}
2022-02-21 14:19:59.591  INFO 18988 --- [main] com.zaxxer.hikari.HikariDataSource       : HikariPool-1 - Starting...
2022-02-21 14:19:59.818  INFO 18988 --- [main] com.zaxxer.hikari.HikariDataSource       : HikariPool-1 - Start completed.
2022-02-21 14:19:59.837  INFO 18988 --- [main] org.hibernate.dialect.Dialect            : HHH000400: Using dialect: org.hibernate.dialect.MySQL57Dialect
2022-02-21 14:20:00.687  INFO 18988 --- [main] o.h.e.t.j.p.i.JtaPlatformInitiator       : HHH000490: Using JtaPlatform implementation: [org.hibernate.engine.transaction.jta.platform.internal.NoJtaPlatform]
2022-02-21 14:20:00.699  INFO 18988 --- [main] j.LocalContainerEntityManagerFactoryBean : Initialized JPA EntityManagerFactory for persistence unit 'default'
2022-02-21 14:20:01.063  WARN 18988 --- [main] JpaBaseConfiguration$JpaWebConfiguration : spring.jpa.open-in-view is enabled by default. Therefore, database queries may be performed during view rendering. Explicitly configure spring.jpa.open-in-view to disable this warning
2022-02-21 14:20:01.409  INFO 18988 --- [main] o.s.b.w.embedded.tomcat.TomcatWebServer  : Tomcat started on port(s): 8081 (http) with context path ''
2022-02-21 14:20:01.421  INFO 18988 --- [main] hechem.spring.BanqueProjetApplication    : Started BanqueProjetApplication in 4.395 seconds (JVM running for 5.631)
2022-02-21 14:27:18.285  INFO 18988 --- [http-nio-8081-exec-1] o.a.c.c.C.[Tomcat].[localhost].[/]       : Initializing Spring DispatcherServlet 'dispatcherServlet'
2022-02-21 14:27:18.286  INFO 18988 --- [http-nio-8081-exec-1] o.s.web.servlet.DispatcherServlet        : Initializing Servlet 'dispatcherServlet'
2022-02-21 14:27:18.290  INFO 18988 --- [http-nio-8081-exec-1] o.s.web.servlet.DispatcherServlet        : Completed initialization in 3 ms
2022-02-21 14:28:02.361 TRACE 18988 --- [http-nio-8081-exec-6] o.h.type.descriptor.sql.BasicBinder      : binding parameter [1] as [VARCHAR] - [rgegegeg]
2022-02-21 14:28:02.361 TRACE 18988 --- [http-nio-8081-exec-6] o.h.type.descriptor.sql.BasicBinder      : binding parameter [2] as [VARCHAR] - [hrhhr]
2022-02-21 14:28:02.362 TRACE 18988 --- [http-nio-8081-exec-6] o.h.type.descriptor.sql.BasicBinder      : binding parameter [3] as [VARCHAR] - [4444]
2022-02-21 14:28:02.363 TRACE 18988 --- [http-nio-8081-exec-6] o.h.type.descriptor.sql.BasicBinder      : binding parameter [4] as [VARCHAR] - [444]
2022-02-21 14:28:02.366 TRACE 18988 --- [http-nio-8081-exec-6] o.h.type.descriptor.sql.BasicBinder      : binding parameter [5] as [FLOAT] - [4.0]
2022-02-21 14:28:02.367 TRACE 18988 --- [http-nio-8081-exec-6] o.h.type.descriptor.sql.BasicBinder      : binding parameter [6] as [FLOAT] - [44.0]
2022-02-21 14:28:02.367 TRACE 18988 --- [http-nio-8081-exec-6] o.h.type.descriptor.sql.BasicBinder      : binding parameter [7] as [FLOAT] - [44.0]
2022-02-21 14:28:56.137 TRACE 18988 --- [http-nio-8081-exec-10] o.h.type.descriptor.sql.BasicBinder      : binding parameter [1] as [VARCHAR] - [eg]
2022-02-21 14:28:56.137 TRACE 18988 --- [http-nio-8081-exec-10] o.h.type.descriptor.sql.BasicBinder      : binding parameter [2] as [VARCHAR] - [ERGEG]
2022-02-21 14:28:56.138 TRACE 18988 --- [http-nio-8081-exec-10] o.h.type.descriptor.sql.BasicBinder      : binding parameter [3] as [VARCHAR] - [11111]
2022-02-21 14:28:56.138 TRACE 18988 --- [http-nio-8081-exec-10] o.h.type.descriptor.sql.BasicBinder      : binding parameter [4] as [VARCHAR] - [11111]
2022-02-21 14:28:56.138 TRACE 18988 --- [http-nio-8081-exec-10] o.h.type.descriptor.sql.BasicBinder      : binding parameter [5] as [FLOAT] - [32.0]
2022-02-21 14:28:56.138 TRACE 18988 --- [http-nio-8081-exec-10] o.h.type.descriptor.sql.BasicBinder      : binding parameter [6] as [FLOAT] - [11.0]
2022-02-21 14:28:56.138 TRACE 18988 --- [http-nio-8081-exec-10] o.h.type.descriptor.sql.BasicBinder      : binding parameter [7] as [FLOAT] - [33.0]
2022-02-21 14:29:06.960 TRACE 18988 --- [http-nio-8081-exec-3] o.h.type.descriptor.sql.BasicBinder      : binding parameter [1] as [VARCHAR] - [676]
2022-02-21 14:29:06.961 TRACE 18988 --- [http-nio-8081-exec-3] o.h.type.descriptor.sql.BasicBinder      : binding parameter [2] as [VARCHAR] - [67676767676]
2022-02-21 14:29:06.961 TRACE 18988 --- [http-nio-8081-exec-3] o.h.type.descriptor.sql.BasicBinder      : binding parameter [3] as [VARCHAR] - [67676]
2022-02-21 14:29:06.962 TRACE 18988 --- [http-nio-8081-exec-3] o.h.type.descriptor.sql.BasicBinder      : binding parameter [4] as [VARCHAR] - [67676]
2022-02-21 14:29:06.962 TRACE 18988 --- [http-nio-8081-exec-3] o.h.type.descriptor.sql.BasicBinder      : binding parameter [5] as [FLOAT] - [6.7676769E9]
2022-02-21 14:29:06.963 TRACE 18988 --- [http-nio-8081-exec-3] o.h.type.descriptor.sql.BasicBinder      : binding parameter [6] as [FLOAT] - [67676.0]
2022-02-21 14:29:06.963 TRACE 18988 --- [http-nio-8081-exec-3] o.h.type.descriptor.sql.BasicBinder      : binding parameter [7] as [FLOAT] - [67676.0]
2022-02-21 14:31:28.313 TRACE 18988 --- [http-nio-8081-exec-10] o.h.type.descriptor.sql.BasicBinder      : binding parameter [1] as [INTEGER] - [6]
2022-02-21 14:31:28.337 TRACE 18988 --- [http-nio-8081-exec-10] o.h.type.descriptor.sql.BasicBinder      : binding parameter [1] as [INTEGER] - [6]
2022-02-21 14:31:35.169 TRACE 18988 --- [http-nio-8081-exec-3] o.h.type.descriptor.sql.BasicBinder      : binding parameter [1] as [INTEGER] - [7]
2022-02-21 14:31:35.176 TRACE 18988 --- [http-nio-8081-exec-3] o.h.type.descriptor.sql.BasicBinder      : binding parameter [1] as [INTEGER] - [7]
2022-02-21 14:33:09.312 TRACE 18988 --- [http-nio-8081-exec-9] o.h.type.descriptor.sql.BasicBinder      : binding parameter [1] as [INTEGER] - [5]
2022-02-21 14:33:09.317 TRACE 18988 --- [http-nio-8081-exec-9] o.h.type.descriptor.sql.BasicBinder      : binding parameter [1] as [INTEGER] - [5]
2022-02-21 14:33:14.961 TRACE 18988 --- [http-nio-8081-exec-2] o.h.type.descriptor.sql.BasicBinder      : binding parameter [1] as [INTEGER] - [8]
2022-02-21 14:33:14.971 TRACE 18988 --- [http-nio-8081-exec-2] o.h.type.descriptor.sql.BasicBinder      : binding parameter [1] as [INTEGER] - [8]
2022-02-21 14:33:18.056 TRACE 18988 --- [http-nio-8081-exec-5] o.h.type.descriptor.sql.BasicBinder      : binding parameter [1] as [INTEGER] - [9]
2022-02-21 14:33:18.058 TRACE 18988 --- [http-nio-8081-exec-5] o.h.type.descriptor.sql.BasicBinder      : binding parameter [1] as [INTEGER] - [9]
2022-02-21 14:34:25.090 TRACE 18988 --- [http-nio-8081-exec-1] o.h.type.descriptor.sql.BasicBinder      : binding parameter [1] as [INTEGER] - [1]
2022-02-21 14:34:25.095 TRACE 18988 --- [http-nio-8081-exec-1] o.h.type.descriptor.sql.BasicBinder      : binding parameter [1] as [INTEGER] - [1]
2022-02-21 14:35:12.073 TRACE 18988 --- [http-nio-8081-exec-5] o.h.type.descriptor.sql.BasicBinder      : binding parameter [1] as [INTEGER] - [2]
2022-02-21 14:35:12.082 TRACE 18988 --- [http-nio-8081-exec-5] o.h.type.descriptor.sql.BasicBinder      : binding parameter [1] as [INTEGER] - [2]
2022-02-21 14:35:22.686 TRACE 18988 --- [http-nio-8081-exec-9] o.h.type.descriptor.sql.BasicBinder      : binding parameter [1] as [INTEGER] - [3]
2022-02-21 14:35:22.691 TRACE 18988 --- [http-nio-8081-exec-9] o.h.type.descriptor.sql.BasicBinder      : binding parameter [1] as [INTEGER] - [3]
2022-02-21 14:37:28.808 TRACE 18988 --- [http-nio-8081-exec-5] o.h.type.descriptor.sql.BasicBinder      : binding parameter [1] as [VARCHAR] - [ege]
2022-02-21 14:37:28.808 TRACE 18988 --- [http-nio-8081-exec-5] o.h.type.descriptor.sql.BasicBinder      : binding parameter [2] as [VARCHAR] - [23232]
2022-02-21 14:37:28.808 TRACE 18988 --- [http-nio-8081-exec-5] o.h.type.descriptor.sql.BasicBinder      : binding parameter [3] as [VARCHAR] - [23232]
2022-02-21 14:37:28.809 TRACE 18988 --- [http-nio-8081-exec-5] o.h.type.descriptor.sql.BasicBinder      : binding parameter [4] as [VARCHAR] - [2323]
2022-02-21 14:37:28.809 TRACE 18988 --- [http-nio-8081-exec-5] o.h.type.descriptor.sql.BasicBinder      : binding parameter [5] as [FLOAT] - [2323.0]
2022-02-21 14:37:28.809 TRACE 18988 --- [http-nio-8081-exec-5] o.h.type.descriptor.sql.BasicBinder      : binding parameter [6] as [FLOAT] - [2323.0]
2022-02-21 14:37:28.809 TRACE 18988 --- [http-nio-8081-exec-5] o.h.type.descriptor.sql.BasicBinder      : binding parameter [7] as [FLOAT] - [323.0]
2022-02-21 14:37:38.678 TRACE 18988 --- [http-nio-8081-exec-10] o.h.type.descriptor.sql.BasicBinder      : binding parameter [1] as [INTEGER] - [10]
2022-02-21 14:37:38.682 TRACE 18988 --- [http-nio-8081-exec-10] o.h.type.descriptor.sql.BasicBinder      : binding parameter [1] as [INTEGER] - [10]
2022-02-21 14:37:48.755 TRACE 18988 --- [http-nio-8081-exec-2] o.h.type.descriptor.sql.BasicBinder      : binding parameter [1] as [VARCHAR] - [aza@yopmail.com]
2022-02-21 14:37:48.756 TRACE 18988 --- [http-nio-8081-exec-2] o.h.type.descriptor.sql.BasicBinder      : binding parameter [2] as [VARCHAR] - [3434]
2022-02-21 14:37:48.756 TRACE 18988 --- [http-nio-8081-exec-2] o.h.type.descriptor.sql.BasicBinder      : binding parameter [3] as [VARCHAR] - [34343]
2022-02-21 14:37:48.756 TRACE 18988 --- [http-nio-8081-exec-2] o.h.type.descriptor.sql.BasicBinder      : binding parameter [4] as [VARCHAR] - [34343]
2022-02-21 14:37:48.756 TRACE 18988 --- [http-nio-8081-exec-2] o.h.type.descriptor.sql.BasicBinder      : binding parameter [5] as [FLOAT] - [4334.0]
2022-02-21 14:37:48.757 TRACE 18988 --- [http-nio-8081-exec-2] o.h.type.descriptor.sql.BasicBinder      : binding parameter [6] as [FLOAT] - [34343.0]
2022-02-21 14:37:48.757 TRACE 18988 --- [http-nio-8081-exec-2] o.h.type.descriptor.sql.BasicBinder      : binding parameter [7] as [FLOAT] - [32323.0]
2022-02-21 14:38:17.353 TRACE 18988 --- [http-nio-8081-exec-9] o.h.type.descriptor.sql.BasicBinder      : binding parameter [1] as [INTEGER] - [1]
2022-02-21 14:38:20.384 TRACE 18988 --- [http-nio-8081-exec-10] o.h.type.descriptor.sql.BasicBinder      : binding parameter [1] as [INTEGER] - [1]
2022-02-21 14:38:23.819 TRACE 18988 --- [http-nio-8081-exec-1] o.h.type.descriptor.sql.BasicBinder      : binding parameter [1] as [INTEGER] - [1]
2022-02-21 14:48:16.093 TRACE 18988 --- [http-nio-8081-exec-6] o.h.type.descriptor.sql.BasicBinder      : binding parameter [1] as [INTEGER] - [1]
2022-02-21 14:48:29.083 TRACE 18988 --- [http-nio-8081-exec-10] o.h.type.descriptor.sql.BasicBinder      : binding parameter [1] as [VARCHAR] - [greegeg]
2022-02-21 14:48:29.085 TRACE 18988 --- [http-nio-8081-exec-10] o.h.type.descriptor.sql.BasicBinder      : binding parameter [2] as [VARCHAR] - [rhrhhrh]
2022-02-21 14:48:29.085 TRACE 18988 --- [http-nio-8081-exec-10] o.h.type.descriptor.sql.BasicBinder      : binding parameter [3] as [VARCHAR] - [45]
2022-02-21 14:48:29.085 TRACE 18988 --- [http-nio-8081-exec-10] o.h.type.descriptor.sql.BasicBinder      : binding parameter [4] as [FLOAT] - [656.0]
2022-02-21 14:48:33.023 TRACE 18988 --- [http-nio-8081-exec-2] o.h.type.descriptor.sql.BasicBinder      : binding parameter [1] as [INTEGER] - [1]
2022-02-21 14:48:33.971 TRACE 18988 --- [http-nio-8081-exec-3] o.h.type.descriptor.sql.BasicBinder      : binding parameter [1] as [INTEGER] - [1]
2022-02-21 14:48:39.715 TRACE 18988 --- [http-nio-8081-exec-5] o.h.type.descriptor.sql.BasicBinder      : binding parameter [1] as [INTEGER] - [1]
2022-02-21 14:48:39.717 TRACE 18988 --- [http-nio-8081-exec-5] o.h.type.descriptor.sql.BasicBinder      : binding parameter [1] as [VARCHAR] - [BIAT]
2022-02-21 14:48:39.718 TRACE 18988 --- [http-nio-8081-exec-5] o.h.type.descriptor.sql.BasicBinder      : binding parameter [2] as [VARCHAR] - [www.biat.tn]
2022-02-21 14:48:39.718 TRACE 18988 --- [http-nio-8081-exec-5] o.h.type.descriptor.sql.BasicBinder      : binding parameter [3] as [VARCHAR] - [4434343]
2022-02-21 14:48:39.718 TRACE 18988 --- [http-nio-8081-exec-5] o.h.type.descriptor.sql.BasicBinder      : binding parameter [4] as [FLOAT] - [5.0]
2022-02-21 14:48:39.718 TRACE 18988 --- [http-nio-8081-exec-5] o.h.type.descriptor.sql.BasicBinder      : binding parameter [5] as [INTEGER] - [1]
2022-02-21 14:50:02.825 TRACE 18988 --- [http-nio-8081-exec-9] o.h.type.descriptor.sql.BasicBinder      : binding parameter [1] as [INTEGER] - [1]
2022-02-21 14:50:02.829 TRACE 18988 --- [http-nio-8081-exec-9] o.h.type.descriptor.sql.BasicBinder      : binding parameter [1] as [INTEGER] - [2]
2022-02-21 14:50:02.830 TRACE 18988 --- [http-nio-8081-exec-9] o.h.type.descriptor.sql.BasicBinder      : binding parameter [1] as [INTEGER] - [5]
2022-02-21 14:50:02.832 TRACE 18988 --- [http-nio-8081-exec-9] o.h.type.descriptor.sql.BasicBinder      : binding parameter [1] as [INTEGER] - [6]
2022-02-21 14:50:22.980 TRACE 18988 --- [http-nio-8081-exec-10] o.h.type.descriptor.sql.BasicBinder      : binding parameter [1] as [INTEGER] - [1]
2022-02-21 14:50:22.984 TRACE 18988 --- [http-nio-8081-exec-10] o.h.type.descriptor.sql.BasicBinder      : binding parameter [1] as [INTEGER] - [2]
2022-02-21 14:50:22.986 TRACE 18988 --- [http-nio-8081-exec-10] o.h.type.descriptor.sql.BasicBinder      : binding parameter [1] as [INTEGER] - [5]
2022-02-21 14:50:22.989 TRACE 18988 --- [http-nio-8081-exec-10] o.h.type.descriptor.sql.BasicBinder      : binding parameter [1] as [INTEGER] - [6]
2022-02-21 14:51:05.291 TRACE 18988 --- [http-nio-8081-exec-1] o.h.type.descriptor.sql.BasicBinder      : binding parameter [1] as [INTEGER] - [1]
2022-02-21 14:51:05.295 TRACE 18988 --- [http-nio-8081-exec-1] o.h.type.descriptor.sql.BasicBinder      : binding parameter [1] as [INTEGER] - [2]
2022-02-21 14:51:05.297 TRACE 18988 --- [http-nio-8081-exec-1] o.h.type.descriptor.sql.BasicBinder      : binding parameter [1] as [INTEGER] - [5]
2022-02-21 14:51:05.298 TRACE 18988 --- [http-nio-8081-exec-1] o.h.type.descriptor.sql.BasicBinder      : binding parameter [1] as [INTEGER] - [6]
2022-02-21 14:51:23.536 TRACE 18988 --- [http-nio-8081-exec-2] o.h.type.descriptor.sql.BasicBinder      : binding parameter [1] as [INTEGER] - [1]
2022-02-21 14:51:23.538 TRACE 18988 --- [http-nio-8081-exec-2] o.h.type.descriptor.sql.BasicBinder      : binding parameter [1] as [INTEGER] - [2]
2022-02-21 14:51:23.541 TRACE 18988 --- [http-nio-8081-exec-2] o.h.type.descriptor.sql.BasicBinder      : binding parameter [1] as [INTEGER] - [5]
2022-02-21 14:51:23.543 TRACE 18988 --- [http-nio-8081-exec-2] o.h.type.descriptor.sql.BasicBinder      : binding parameter [1] as [INTEGER] - [6]
2022-02-21 14:51:52.058 TRACE 18988 --- [http-nio-8081-exec-7] o.h.type.descriptor.sql.BasicBinder      : binding parameter [1] as [INTEGER] - [1]
2022-02-21 14:51:52.411 TRACE 18988 --- [http-nio-8081-exec-6] o.h.type.descriptor.sql.BasicBinder      : binding parameter [1] as [INTEGER] - [1]
2022-02-21 14:55:13.652 TRACE 18988 --- [http-nio-8081-exec-2] o.h.type.descriptor.sql.BasicBinder      : binding parameter [1] as [INTEGER] - [1]
2022-02-21 14:55:13.656 TRACE 18988 --- [http-nio-8081-exec-2] o.h.type.descriptor.sql.BasicBinder      : binding parameter [1] as [INTEGER] - [2]
2022-02-21 14:55:13.658 TRACE 18988 --- [http-nio-8081-exec-2] o.h.type.descriptor.sql.BasicBinder      : binding parameter [1] as [INTEGER] - [5]
2022-02-21 14:55:13.660 TRACE 18988 --- [http-nio-8081-exec-2] o.h.type.descriptor.sql.BasicBinder      : binding parameter [1] as [INTEGER] - [6]
2022-02-21 14:55:18.553 TRACE 18988 --- [http-nio-8081-exec-4] o.h.type.descriptor.sql.BasicBinder      : binding parameter [1] as [INTEGER] - [1]
2022-02-21 14:55:18.560 TRACE 18988 --- [http-nio-8081-exec-4] o.h.type.descriptor.sql.BasicBinder      : binding parameter [1] as [INTEGER] - [1]
2022-02-21 14:55:18.561 TRACE 18988 --- [http-nio-8081-exec-4] o.h.type.descriptor.sql.BasicBinder      : binding parameter [2] as [FLOAT] - [565.0]
2022-02-21 14:55:18.573 TRACE 18988 --- [http-nio-8081-exec-5] o.h.type.descriptor.sql.BasicBinder      : binding parameter [1] as [INTEGER] - [1]
2022-02-21 14:55:18.575 TRACE 18988 --- [http-nio-8081-exec-5] o.h.type.descriptor.sql.BasicBinder      : binding parameter [1] as [INTEGER] - [2]
2022-02-21 14:55:18.577 TRACE 18988 --- [http-nio-8081-exec-5] o.h.type.descriptor.sql.BasicBinder      : binding parameter [1] as [INTEGER] - [5]
2022-02-21 14:55:18.577 TRACE 18988 --- [http-nio-8081-exec-5] o.h.type.descriptor.sql.BasicBinder      : binding parameter [1] as [INTEGER] - [6]
2022-02-21 14:55:23.773 TRACE 18988 --- [http-nio-8081-exec-7] o.h.type.descriptor.sql.BasicBinder      : binding parameter [1] as [INTEGER] - [1]
2022-02-21 14:55:23.778 TRACE 18988 --- [http-nio-8081-exec-7] o.h.type.descriptor.sql.BasicBinder      : binding parameter [1] as [INTEGER] - [13]
2022-02-21 14:55:23.779 TRACE 18988 --- [http-nio-8081-exec-7] o.h.type.descriptor.sql.BasicBinder      : binding parameter [1] as [INTEGER] - [1]
2022-02-21 14:55:23.779 TRACE 18988 --- [http-nio-8081-exec-7] o.h.type.descriptor.sql.BasicBinder      : binding parameter [2] as [FLOAT] - [777.0]
2022-02-21 14:55:23.779 TRACE 18988 --- [http-nio-8081-exec-7] o.h.type.descriptor.sql.BasicBinder      : binding parameter [3] as [INTEGER] - [13]
2022-02-21 14:55:23.790 TRACE 18988 --- [http-nio-8081-exec-6] o.h.type.descriptor.sql.BasicBinder      : binding parameter [1] as [INTEGER] - [1]
2022-02-21 14:55:23.793 TRACE 18988 --- [http-nio-8081-exec-6] o.h.type.descriptor.sql.BasicBinder      : binding parameter [1] as [INTEGER] - [2]
2022-02-21 14:55:23.794 TRACE 18988 --- [http-nio-8081-exec-6] o.h.type.descriptor.sql.BasicBinder      : binding parameter [1] as [INTEGER] - [5]
2022-02-21 14:55:23.796 TRACE 18988 --- [http-nio-8081-exec-6] o.h.type.descriptor.sql.BasicBinder      : binding parameter [1] as [INTEGER] - [6]
2022-02-21 14:55:40.255 TRACE 18988 --- [http-nio-8081-exec-8] o.h.type.descriptor.sql.BasicBinder      : binding parameter [1] as [INTEGER] - [1]
2022-02-21 14:55:40.257 TRACE 18988 --- [http-nio-8081-exec-8] o.h.type.descriptor.sql.BasicBinder      : binding parameter [1] as [INTEGER] - [2]
2022-02-21 14:55:40.259 TRACE 18988 --- [http-nio-8081-exec-8] o.h.type.descriptor.sql.BasicBinder      : binding parameter [1] as [INTEGER] - [5]
2022-02-21 14:55:40.261 TRACE 18988 --- [http-nio-8081-exec-8] o.h.type.descriptor.sql.BasicBinder      : binding parameter [1] as [INTEGER] - [6]
2022-02-21 14:55:46.048 TRACE 18988 --- [http-nio-8081-exec-9] o.h.type.descriptor.sql.BasicBinder      : binding parameter [1] as [INTEGER] - [1]
2022-02-21 14:55:46.051 TRACE 18988 --- [http-nio-8081-exec-9] o.h.type.descriptor.sql.BasicBinder      : binding parameter [1] as [INTEGER] - [1]
2022-02-21 14:55:46.051 TRACE 18988 --- [http-nio-8081-exec-9] o.h.type.descriptor.sql.BasicBinder      : binding parameter [2] as [FLOAT] - [95.0]
2022-02-21 14:55:46.063 TRACE 18988 --- [http-nio-8081-exec-10] o.h.type.descriptor.sql.BasicBinder      : binding parameter [1] as [INTEGER] - [1]
2022-02-21 14:55:46.063 TRACE 18988 --- [http-nio-8081-exec-10] o.h.type.descriptor.sql.BasicBinder      : binding parameter [1] as [INTEGER] - [2]
2022-02-21 14:55:46.066 TRACE 18988 --- [http-nio-8081-exec-10] o.h.type.descriptor.sql.BasicBinder      : binding parameter [1] as [INTEGER] - [5]
2022-02-21 14:55:46.068 TRACE 18988 --- [http-nio-8081-exec-10] o.h.type.descriptor.sql.BasicBinder      : binding parameter [1] as [INTEGER] - [6]
2022-02-21 14:55:50.616 TRACE 18988 --- [http-nio-8081-exec-1] o.h.type.descriptor.sql.BasicBinder      : binding parameter [1] as [INTEGER] - [1]
2022-02-21 14:55:50.618 TRACE 18988 --- [http-nio-8081-exec-1] o.h.type.descriptor.sql.BasicBinder      : binding parameter [1] as [INTEGER] - [14]
2022-02-21 14:55:50.620 TRACE 18988 --- [http-nio-8081-exec-1] o.h.type.descriptor.sql.BasicBinder      : binding parameter [1] as [INTEGER] - [1]
2022-02-21 14:55:50.621 TRACE 18988 --- [http-nio-8081-exec-1] o.h.type.descriptor.sql.BasicBinder      : binding parameter [2] as [FLOAT] - [4545.0]
2022-02-21 14:55:50.621 TRACE 18988 --- [http-nio-8081-exec-1] o.h.type.descriptor.sql.BasicBinder      : binding parameter [3] as [INTEGER] - [14]
2022-02-21 14:55:50.630 TRACE 18988 --- [http-nio-8081-exec-2] o.h.type.descriptor.sql.BasicBinder      : binding parameter [1] as [INTEGER] - [1]
2022-02-21 14:55:50.632 TRACE 18988 --- [http-nio-8081-exec-2] o.h.type.descriptor.sql.BasicBinder      : binding parameter [1] as [INTEGER] - [2]
2022-02-21 14:55:50.634 TRACE 18988 --- [http-nio-8081-exec-2] o.h.type.descriptor.sql.BasicBinder      : binding parameter [1] as [INTEGER] - [5]
2022-02-21 14:55:50.635 TRACE 18988 --- [http-nio-8081-exec-2] o.h.type.descriptor.sql.BasicBinder      : binding parameter [1] as [INTEGER] - [6]
2022-02-21 14:56:17.139 TRACE 18988 --- [http-nio-8081-exec-4] o.h.type.descriptor.sql.BasicBinder      : binding parameter [1] as [INTEGER] - [1]
2022-02-21 14:56:17.141 TRACE 18988 --- [http-nio-8081-exec-4] o.h.type.descriptor.sql.BasicBinder      : binding parameter [1] as [INTEGER] - [2]
2022-02-21 14:56:17.143 TRACE 18988 --- [http-nio-8081-exec-4] o.h.type.descriptor.sql.BasicBinder      : binding parameter [1] as [INTEGER] - [5]
2022-02-21 14:56:17.146 TRACE 18988 --- [http-nio-8081-exec-4] o.h.type.descriptor.sql.BasicBinder      : binding parameter [1] as [INTEGER] - [6]
2022-02-21 14:56:44.881 TRACE 18988 --- [http-nio-8081-exec-7] o.h.type.descriptor.sql.BasicBinder      : binding parameter [1] as [INTEGER] - [1]
2022-02-21 14:56:44.883 TRACE 18988 --- [http-nio-8081-exec-7] o.h.type.descriptor.sql.BasicBinder      : binding parameter [1] as [INTEGER] - [2]
2022-02-21 14:56:44.884 TRACE 18988 --- [http-nio-8081-exec-7] o.h.type.descriptor.sql.BasicBinder      : binding parameter [1] as [INTEGER] - [5]
2022-02-21 14:56:44.885 TRACE 18988 --- [http-nio-8081-exec-7] o.h.type.descriptor.sql.BasicBinder      : binding parameter [1] as [INTEGER] - [6]
2022-02-21 15:00:36.828 TRACE 18988 --- [http-nio-8081-exec-8] o.h.type.descriptor.sql.BasicBinder      : binding parameter [1] as [INTEGER] - [1]
2022-02-21 15:00:36.830 TRACE 18988 --- [http-nio-8081-exec-8] o.h.type.descriptor.sql.BasicBinder      : binding parameter [1] as [INTEGER] - [2]
2022-02-21 15:00:36.831 TRACE 18988 --- [http-nio-8081-exec-8] o.h.type.descriptor.sql.BasicBinder      : binding parameter [1] as [INTEGER] - [5]
2022-02-21 15:00:36.833 TRACE 18988 --- [http-nio-8081-exec-8] o.h.type.descriptor.sql.BasicBinder      : binding parameter [1] as [INTEGER] - [6]
2022-02-21 15:00:47.029 TRACE 18988 --- [http-nio-8081-exec-9] o.h.type.descriptor.sql.BasicBinder      : binding parameter [1] as [INTEGER] - [1]
2022-02-21 15:00:47.031 TRACE 18988 --- [http-nio-8081-exec-9] o.h.type.descriptor.sql.BasicBinder      : binding parameter [1] as [INTEGER] - [2]
2022-02-21 15:00:47.033 TRACE 18988 --- [http-nio-8081-exec-9] o.h.type.descriptor.sql.BasicBinder      : binding parameter [1] as [INTEGER] - [5]
2022-02-21 15:00:47.035 TRACE 18988 --- [http-nio-8081-exec-9] o.h.type.descriptor.sql.BasicBinder      : binding parameter [1] as [INTEGER] - [6]
2022-02-21 15:00:49.750 TRACE 18988 --- [http-nio-8081-exec-3] o.h.type.descriptor.sql.BasicBinder      : binding parameter [1] as [INTEGER] - [1]
2022-02-21 15:00:49.752 TRACE 18988 --- [http-nio-8081-exec-3] o.h.type.descriptor.sql.BasicBinder      : binding parameter [1] as [INTEGER] - [2]
2022-02-21 15:00:49.754 TRACE 18988 --- [http-nio-8081-exec-3] o.h.type.descriptor.sql.BasicBinder      : binding parameter [1] as [INTEGER] - [5]
2022-02-21 15:00:49.756 TRACE 18988 --- [http-nio-8081-exec-3] o.h.type.descriptor.sql.BasicBinder      : binding parameter [1] as [INTEGER] - [6]
2022-02-21 15:00:52.458 TRACE 18988 --- [http-nio-8081-exec-5] o.h.type.descriptor.sql.BasicBinder      : binding parameter [1] as [INTEGER] - [2]
2022-02-21 15:00:52.460 TRACE 18988 --- [http-nio-8081-exec-5] o.h.type.descriptor.sql.BasicBinder      : binding parameter [1] as [INTEGER] - [2]
2022-02-21 15:00:52.460 TRACE 18988 --- [http-nio-8081-exec-5] o.h.type.descriptor.sql.BasicBinder      : binding parameter [2] as [FLOAT] - [65.0]
2022-02-21 15:00:52.474 TRACE 18988 --- [http-nio-8081-exec-7] o.h.type.descriptor.sql.BasicBinder      : binding parameter [1] as [INTEGER] - [1]
2022-02-21 15:00:52.475 TRACE 18988 --- [http-nio-8081-exec-7] o.h.type.descriptor.sql.BasicBinder      : binding parameter [1] as [INTEGER] - [2]
2022-02-21 15:00:52.476 TRACE 18988 --- [http-nio-8081-exec-7] o.h.type.descriptor.sql.BasicBinder      : binding parameter [1] as [INTEGER] - [5]
2022-02-21 15:00:52.477 TRACE 18988 --- [http-nio-8081-exec-7] o.h.type.descriptor.sql.BasicBinder      : binding parameter [1] as [INTEGER] - [6]
2022-02-21 15:01:17.728 TRACE 18988 --- [http-nio-8081-exec-6] o.h.type.descriptor.sql.BasicBinder      : binding parameter [1] as [INTEGER] - [1]
2022-02-21 15:01:17.729 TRACE 18988 --- [http-nio-8081-exec-6] o.h.type.descriptor.sql.BasicBinder      : binding parameter [1] as [INTEGER] - [2]
2022-02-21 15:01:17.730 TRACE 18988 --- [http-nio-8081-exec-6] o.h.type.descriptor.sql.BasicBinder      : binding parameter [1] as [INTEGER] - [5]
2022-02-21 15:01:17.732 TRACE 18988 --- [http-nio-8081-exec-6] o.h.type.descriptor.sql.BasicBinder      : binding parameter [1] as [INTEGER] - [6]
2022-02-21 15:01:20.324 TRACE 18988 --- [http-nio-8081-exec-8] o.h.type.descriptor.sql.BasicBinder      : binding parameter [1] as [INTEGER] - [2]
2022-02-21 15:01:20.326 TRACE 18988 --- [http-nio-8081-exec-8] o.h.type.descriptor.sql.BasicBinder      : binding parameter [1] as [INTEGER] - [2]
2022-02-21 15:01:20.326 TRACE 18988 --- [http-nio-8081-exec-8] o.h.type.descriptor.sql.BasicBinder      : binding parameter [2] as [FLOAT] - [76.0]
2022-02-21 15:01:20.336 TRACE 18988 --- [http-nio-8081-exec-9] o.h.type.descriptor.sql.BasicBinder      : binding parameter [1] as [INTEGER] - [1]
2022-02-21 15:01:20.338 TRACE 18988 --- [http-nio-8081-exec-9] o.h.type.descriptor.sql.BasicBinder      : binding parameter [1] as [INTEGER] - [2]
2022-02-21 15:01:20.339 TRACE 18988 --- [http-nio-8081-exec-9] o.h.type.descriptor.sql.BasicBinder      : binding parameter [1] as [INTEGER] - [5]
2022-02-21 15:01:20.340 TRACE 18988 --- [http-nio-8081-exec-9] o.h.type.descriptor.sql.BasicBinder      : binding parameter [1] as [INTEGER] - [6]
2022-02-21 15:09:39.448 TRACE 18988 --- [http-nio-8081-exec-1] o.h.type.descriptor.sql.BasicBinder      : binding parameter [1] as [INTEGER] - [1]
2022-02-21 15:09:39.450 TRACE 18988 --- [http-nio-8081-exec-1] o.h.type.descriptor.sql.BasicBinder      : binding parameter [1] as [INTEGER] - [2]
2022-02-21 15:09:39.454 TRACE 18988 --- [http-nio-8081-exec-1] o.h.type.descriptor.sql.BasicBinder      : binding parameter [1] as [INTEGER] - [5]
2022-02-21 15:09:39.459 TRACE 18988 --- [http-nio-8081-exec-1] o.h.type.descriptor.sql.BasicBinder      : binding parameter [1] as [INTEGER] - [6]
2022-02-21 15:09:41.375 TRACE 18988 --- [http-nio-8081-exec-2] o.h.type.descriptor.sql.BasicBinder      : binding parameter [1] as [INTEGER] - [1]
2022-02-21 15:09:41.377 TRACE 18988 --- [http-nio-8081-exec-2] o.h.type.descriptor.sql.BasicBinder      : binding parameter [1] as [INTEGER] - [2]
2022-02-21 15:09:41.378 TRACE 18988 --- [http-nio-8081-exec-2] o.h.type.descriptor.sql.BasicBinder      : binding parameter [1] as [INTEGER] - [5]
2022-02-21 15:09:41.380 TRACE 18988 --- [http-nio-8081-exec-2] o.h.type.descriptor.sql.BasicBinder      : binding parameter [1] as [INTEGER] - [6]
2022-02-21 15:09:44.107 TRACE 18988 --- [http-nio-8081-exec-3] o.h.type.descriptor.sql.BasicBinder      : binding parameter [1] as [INTEGER] - [2]
2022-02-21 15:09:44.109 TRACE 18988 --- [http-nio-8081-exec-3] o.h.type.descriptor.sql.BasicBinder      : binding parameter [1] as [INTEGER] - [2]
2022-02-21 15:09:44.109 TRACE 18988 --- [http-nio-8081-exec-3] o.h.type.descriptor.sql.BasicBinder      : binding parameter [2] as [FLOAT] - [5445.0]
2022-02-21 15:09:44.120 TRACE 18988 --- [http-nio-8081-exec-4] o.h.type.descriptor.sql.BasicBinder      : binding parameter [1] as [INTEGER] - [1]
2022-02-21 15:09:44.122 TRACE 18988 --- [http-nio-8081-exec-4] o.h.type.descriptor.sql.BasicBinder      : binding parameter [1] as [INTEGER] - [2]
2022-02-21 15:09:44.123 TRACE 18988 --- [http-nio-8081-exec-4] o.h.type.descriptor.sql.BasicBinder      : binding parameter [1] as [INTEGER] - [5]
2022-02-21 15:09:44.124 TRACE 18988 --- [http-nio-8081-exec-4] o.h.type.descriptor.sql.BasicBinder      : binding parameter [1] as [INTEGER] - [6]
2022-02-21 15:09:45.648 TRACE 18988 --- [http-nio-8081-exec-5] o.h.type.descriptor.sql.BasicBinder      : binding parameter [1] as [INTEGER] - [2]
2022-02-21 15:09:45.649 TRACE 18988 --- [http-nio-8081-exec-5] o.h.type.descriptor.sql.BasicBinder      : binding parameter [1] as [INTEGER] - [2]
2022-02-21 15:09:45.650 TRACE 18988 --- [http-nio-8081-exec-5] o.h.type.descriptor.sql.BasicBinder      : binding parameter [2] as [FLOAT] - [5445.0]
2022-02-21 15:09:45.660 TRACE 18988 --- [http-nio-8081-exec-7] o.h.type.descriptor.sql.BasicBinder      : binding parameter [1] as [INTEGER] - [1]
2022-02-21 15:09:45.661 TRACE 18988 --- [http-nio-8081-exec-7] o.h.type.descriptor.sql.BasicBinder      : binding parameter [1] as [INTEGER] - [2]
2022-02-21 15:09:45.662 TRACE 18988 --- [http-nio-8081-exec-7] o.h.type.descriptor.sql.BasicBinder      : binding parameter [1] as [INTEGER] - [5]
2022-02-21 15:09:45.664 TRACE 18988 --- [http-nio-8081-exec-7] o.h.type.descriptor.sql.BasicBinder      : binding parameter [1] as [INTEGER] - [6]
2022-02-21 15:09:46.225 TRACE 18988 --- [http-nio-8081-exec-6] o.h.type.descriptor.sql.BasicBinder      : binding parameter [1] as [INTEGER] - [2]
2022-02-21 15:09:46.228 TRACE 18988 --- [http-nio-8081-exec-6] o.h.type.descriptor.sql.BasicBinder      : binding parameter [1] as [INTEGER] - [2]
2022-02-21 15:09:46.228 TRACE 18988 --- [http-nio-8081-exec-6] o.h.type.descriptor.sql.BasicBinder      : binding parameter [2] as [FLOAT] - [5445.0]
2022-02-21 15:09:46.235 TRACE 18988 --- [http-nio-8081-exec-8] o.h.type.descriptor.sql.BasicBinder      : binding parameter [1] as [INTEGER] - [1]
2022-02-21 15:09:46.237 TRACE 18988 --- [http-nio-8081-exec-8] o.h.type.descriptor.sql.BasicBinder      : binding parameter [1] as [INTEGER] - [2]
2022-02-21 15:09:46.238 TRACE 18988 --- [http-nio-8081-exec-8] o.h.type.descriptor.sql.BasicBinder      : binding parameter [1] as [INTEGER] - [5]
2022-02-21 15:09:46.240 TRACE 18988 --- [http-nio-8081-exec-8] o.h.type.descriptor.sql.BasicBinder      : binding parameter [1] as [INTEGER] - [6]
2022-02-21 15:09:48.482  WARN 18988 --- [http-nio-8081-exec-9] .w.s.m.s.DefaultHandlerExceptionResolver : Resolved [org.springframework.http.converter.HttpMessageNotReadableException: JSON parse error: Cannot deserialize value of type `float` from String "5445('(": not a valid `float` value; nested exception is com.fasterxml.jackson.databind.exc.InvalidFormatException: Cannot deserialize value of type `float` from String "5445('(": not a valid `float` value<EOL> at [Source: (PushbackInputStream); line: 1, column: 12] (through reference chain: hechem.spring.entity.PrixAction["prixAct"])]
2022-02-21 15:09:51.645 TRACE 18988 --- [http-nio-8081-exec-10] o.h.type.descriptor.sql.BasicBinder      : binding parameter [1] as [INTEGER] - [2]
2022-02-21 15:09:51.647 TRACE 18988 --- [http-nio-8081-exec-10] o.h.type.descriptor.sql.BasicBinder      : binding parameter [1] as [INTEGER] - [2]
2022-02-21 15:09:51.647 TRACE 18988 --- [http-nio-8081-exec-10] o.h.type.descriptor.sql.BasicBinder      : binding parameter [2] as [FLOAT] - [54455.0]
2022-02-21 15:09:51.658 TRACE 18988 --- [http-nio-8081-exec-1] o.h.type.descriptor.sql.BasicBinder      : binding parameter [1] as [INTEGER] - [1]
2022-02-21 15:09:51.658 TRACE 18988 --- [http-nio-8081-exec-1] o.h.type.descriptor.sql.BasicBinder      : binding parameter [1] as [INTEGER] - [2]
2022-02-21 15:09:51.660 TRACE 18988 --- [http-nio-8081-exec-1] o.h.type.descriptor.sql.BasicBinder      : binding parameter [1] as [INTEGER] - [5]
2022-02-21 15:09:51.661 TRACE 18988 --- [http-nio-8081-exec-1] o.h.type.descriptor.sql.BasicBinder      : binding parameter [1] as [INTEGER] - [6]
2022-02-21 15:09:56.239 TRACE 18988 --- [http-nio-8081-exec-2] o.h.type.descriptor.sql.BasicBinder      : binding parameter [1] as [INTEGER] - [1]
2022-02-21 15:09:56.241 TRACE 18988 --- [http-nio-8081-exec-2] o.h.type.descriptor.sql.BasicBinder      : binding parameter [1] as [INTEGER] - [2]
2022-02-21 15:09:56.242 TRACE 18988 --- [http-nio-8081-exec-2] o.h.type.descriptor.sql.BasicBinder      : binding parameter [1] as [INTEGER] - [5]
2022-02-21 15:09:56.244 TRACE 18988 --- [http-nio-8081-exec-2] o.h.type.descriptor.sql.BasicBinder      : binding parameter [1] as [INTEGER] - [6]
2022-02-21 15:09:57.009 TRACE 18988 --- [http-nio-8081-exec-3] o.h.type.descriptor.sql.BasicBinder      : binding parameter [1] as [INTEGER] - [1]
2022-02-21 15:09:57.012 TRACE 18988 --- [http-nio-8081-exec-3] o.h.type.descriptor.sql.BasicBinder      : binding parameter [1] as [INTEGER] - [2]
2022-02-21 15:09:57.013 TRACE 18988 --- [http-nio-8081-exec-3] o.h.type.descriptor.sql.BasicBinder      : binding parameter [1] as [INTEGER] - [5]
2022-02-21 15:09:57.015 TRACE 18988 --- [http-nio-8081-exec-3] o.h.type.descriptor.sql.BasicBinder      : binding parameter [1] as [INTEGER] - [6]
2022-02-21 15:09:59.449 TRACE 18988 --- [http-nio-8081-exec-4] o.h.type.descriptor.sql.BasicBinder      : binding parameter [1] as [INTEGER] - [2]
2022-02-21 15:09:59.450 TRACE 18988 --- [http-nio-8081-exec-4] o.h.type.descriptor.sql.BasicBinder      : binding parameter [1] as [INTEGER] - [2]
2022-02-21 15:09:59.450 TRACE 18988 --- [http-nio-8081-exec-4] o.h.type.descriptor.sql.BasicBinder      : binding parameter [2] as [FLOAT] - [121.0]
2022-02-21 15:09:59.460 TRACE 18988 --- [http-nio-8081-exec-5] o.h.type.descriptor.sql.BasicBinder      : binding parameter [1] as [INTEGER] - [1]
2022-02-21 15:09:59.462 TRACE 18988 --- [http-nio-8081-exec-5] o.h.type.descriptor.sql.BasicBinder      : binding parameter [1] as [INTEGER] - [2]
2022-02-21 15:09:59.463 TRACE 18988 --- [http-nio-8081-exec-5] o.h.type.descriptor.sql.BasicBinder      : binding parameter [1] as [INTEGER] - [5]
2022-02-21 15:09:59.464 TRACE 18988 --- [http-nio-8081-exec-5] o.h.type.descriptor.sql.BasicBinder      : binding parameter [1] as [INTEGER] - [6]
2022-02-21 15:10:02.259 TRACE 18988 --- [http-nio-8081-exec-7] o.h.type.descriptor.sql.BasicBinder      : binding parameter [1] as [INTEGER] - [2]
2022-02-21 15:10:02.261 TRACE 18988 --- [http-nio-8081-exec-7] o.h.type.descriptor.sql.BasicBinder      : binding parameter [1] as [INTEGER] - [2]
2022-02-21 15:10:02.261 TRACE 18988 --- [http-nio-8081-exec-7] o.h.type.descriptor.sql.BasicBinder      : binding parameter [2] as [FLOAT] - [78.0]
2022-02-21 15:10:02.273 TRACE 18988 --- [http-nio-8081-exec-6] o.h.type.descriptor.sql.BasicBinder      : binding parameter [1] as [INTEGER] - [1]
2022-02-21 15:10:02.274 TRACE 18988 --- [http-nio-8081-exec-6] o.h.type.descriptor.sql.BasicBinder      : binding parameter [1] as [INTEGER] - [2]
2022-02-21 15:10:02.275 TRACE 18988 --- [http-nio-8081-exec-6] o.h.type.descriptor.sql.BasicBinder      : binding parameter [1] as [INTEGER] - [5]
2022-02-21 15:10:02.276 TRACE 18988 --- [http-nio-8081-exec-6] o.h.type.descriptor.sql.BasicBinder      : binding parameter [1] as [INTEGER] - [6]
2022-02-21 15:10:06.782 TRACE 18988 --- [http-nio-8081-exec-10] o.h.type.descriptor.sql.BasicBinder      : binding parameter [1] as [INTEGER] - [1]
2022-02-21 15:10:06.784 TRACE 18988 --- [http-nio-8081-exec-10] o.h.type.descriptor.sql.BasicBinder      : binding parameter [1] as [INTEGER] - [2]
2022-02-21 15:10:06.786 TRACE 18988 --- [http-nio-8081-exec-10] o.h.type.descriptor.sql.BasicBinder      : binding parameter [1] as [INTEGER] - [5]
2022-02-21 15:10:06.786 TRACE 18988 --- [http-nio-8081-exec-10] o.h.type.descriptor.sql.BasicBinder      : binding parameter [1] as [INTEGER] - [6]
2022-02-21 15:10:09.112 TRACE 18988 --- [http-nio-8081-exec-2] o.h.type.descriptor.sql.BasicBinder      : binding parameter [1] as [INTEGER] - [6]
2022-02-21 15:10:09.114 TRACE 18988 --- [http-nio-8081-exec-2] o.h.type.descriptor.sql.BasicBinder      : binding parameter [1] as [INTEGER] - [6]
2022-02-21 15:10:09.114 TRACE 18988 --- [http-nio-8081-exec-2] o.h.type.descriptor.sql.BasicBinder      : binding parameter [2] as [FLOAT] - [5.0]
2022-02-21 15:10:09.124 TRACE 18988 --- [http-nio-8081-exec-3] o.h.type.descriptor.sql.BasicBinder      : binding parameter [1] as [INTEGER] - [1]
2022-02-21 15:10:09.124 TRACE 18988 --- [http-nio-8081-exec-3] o.h.type.descriptor.sql.BasicBinder      : binding parameter [1] as [INTEGER] - [2]
2022-02-21 15:10:09.125 TRACE 18988 --- [http-nio-8081-exec-3] o.h.type.descriptor.sql.BasicBinder      : binding parameter [1] as [INTEGER] - [5]
2022-02-21 15:10:09.126 TRACE 18988 --- [http-nio-8081-exec-3] o.h.type.descriptor.sql.BasicBinder      : binding parameter [1] as [INTEGER] - [6]
2022-02-21 15:10:09.872 TRACE 18988 --- [http-nio-8081-exec-4] o.h.type.descriptor.sql.BasicBinder      : binding parameter [1] as [INTEGER] - [6]
2022-02-21 15:10:09.873 TRACE 18988 --- [http-nio-8081-exec-4] o.h.type.descriptor.sql.BasicBinder      : binding parameter [1] as [INTEGER] - [6]
2022-02-21 15:10:09.873 TRACE 18988 --- [http-nio-8081-exec-4] o.h.type.descriptor.sql.BasicBinder      : binding parameter [2] as [FLOAT] - [5.0]
2022-02-21 15:10:09.882 TRACE 18988 --- [http-nio-8081-exec-5] o.h.type.descriptor.sql.BasicBinder      : binding parameter [1] as [INTEGER] - [1]
2022-02-21 15:10:09.882 TRACE 18988 --- [http-nio-8081-exec-5] o.h.type.descriptor.sql.BasicBinder      : binding parameter [1] as [INTEGER] - [2]
2022-02-21 15:10:09.883 TRACE 18988 --- [http-nio-8081-exec-5] o.h.type.descriptor.sql.BasicBinder      : binding parameter [1] as [INTEGER] - [5]
2022-02-21 15:10:09.883 TRACE 18988 --- [http-nio-8081-exec-5] o.h.type.descriptor.sql.BasicBinder      : binding parameter [1] as [INTEGER] - [6]
2022-02-21 15:10:11.703 TRACE 18988 --- [http-nio-8081-exec-7] o.h.type.descriptor.sql.BasicBinder      : binding parameter [1] as [INTEGER] - [6]
2022-02-21 15:10:11.705 TRACE 18988 --- [http-nio-8081-exec-7] o.h.type.descriptor.sql.BasicBinder      : binding parameter [1] as [INTEGER] - [6]
2022-02-21 15:10:11.705 TRACE 18988 --- [http-nio-8081-exec-7] o.h.type.descriptor.sql.BasicBinder      : binding parameter [2] as [FLOAT] - [545.0]
2022-02-21 15:10:11.714 TRACE 18988 --- [http-nio-8081-exec-6] o.h.type.descriptor.sql.BasicBinder      : binding parameter [1] as [INTEGER] - [1]
2022-02-21 15:10:11.715 TRACE 18988 --- [http-nio-8081-exec-6] o.h.type.descriptor.sql.BasicBinder      : binding parameter [1] as [INTEGER] - [2]
2022-02-21 15:10:11.716 TRACE 18988 --- [http-nio-8081-exec-6] o.h.type.descriptor.sql.BasicBinder      : binding parameter [1] as [INTEGER] - [5]
2022-02-21 15:10:11.717 TRACE 18988 --- [http-nio-8081-exec-6] o.h.type.descriptor.sql.BasicBinder      : binding parameter [1] as [INTEGER] - [6]
2022-02-21 15:10:37.530 TRACE 18988 --- [http-nio-8081-exec-10] o.h.type.descriptor.sql.BasicBinder      : binding parameter [1] as [INTEGER] - [1]
2022-02-21 15:10:45.661 TRACE 18988 --- [http-nio-8081-exec-2] o.h.type.descriptor.sql.BasicBinder      : binding parameter [1] as [INTEGER] - [1]
2022-02-21 15:10:45.664 TRACE 18988 --- [http-nio-8081-exec-2] o.h.type.descriptor.sql.BasicBinder      : binding parameter [1] as [INTEGER] - [2]
2022-02-21 15:10:45.666 TRACE 18988 --- [http-nio-8081-exec-2] o.h.type.descriptor.sql.BasicBinder      : binding parameter [1] as [INTEGER] - [5]
2022-02-21 15:10:45.668 TRACE 18988 --- [http-nio-8081-exec-2] o.h.type.descriptor.sql.BasicBinder      : binding parameter [1] as [INTEGER] - [6]
2022-02-21 15:10:52.817 TRACE 18988 --- [http-nio-8081-exec-4] o.h.type.descriptor.sql.BasicBinder      : binding parameter [1] as [INTEGER] - [1]
2022-02-21 15:11:07.839 TRACE 18988 --- [http-nio-8081-exec-7] o.h.type.descriptor.sql.BasicBinder      : binding parameter [1] as [INTEGER] - [1]
2022-02-21 15:11:11.521 TRACE 18988 --- [http-nio-8081-exec-8] o.h.type.descriptor.sql.BasicBinder      : binding parameter [1] as [INTEGER] - [1]
2022-02-21 15:11:39.328 TRACE 18988 --- [http-nio-8081-exec-1] o.h.type.descriptor.sql.BasicBinder      : binding parameter [1] as [INTEGER] - [1]
2022-02-21 15:12:43.649 TRACE 18988 --- [http-nio-8081-exec-4] o.h.type.descriptor.sql.BasicBinder      : binding parameter [1] as [INTEGER] - [1]
2022-02-21 15:12:43.651 TRACE 18988 --- [http-nio-8081-exec-4] o.h.type.descriptor.sql.BasicBinder      : binding parameter [1] as [INTEGER] - [2]
2022-02-21 15:12:43.652 TRACE 18988 --- [http-nio-8081-exec-4] o.h.type.descriptor.sql.BasicBinder      : binding parameter [1] as [INTEGER] - [5]
2022-02-21 15:12:43.652 TRACE 18988 --- [http-nio-8081-exec-4] o.h.type.descriptor.sql.BasicBinder      : binding parameter [1] as [INTEGER] - [6]
2022-02-21 15:12:51.382 TRACE 18988 --- [http-nio-8081-exec-7] o.h.type.descriptor.sql.BasicBinder      : binding parameter [1] as [INTEGER] - [1]
2022-02-21 15:12:51.383 TRACE 18988 --- [http-nio-8081-exec-7] o.h.type.descriptor.sql.BasicBinder      : binding parameter [1] as [INTEGER] - [2]
2022-02-21 15:12:51.383 TRACE 18988 --- [http-nio-8081-exec-7] o.h.type.descriptor.sql.BasicBinder      : binding parameter [1] as [INTEGER] - [5]
2022-02-21 15:12:51.384 TRACE 18988 --- [http-nio-8081-exec-7] o.h.type.descriptor.sql.BasicBinder      : binding parameter [1] as [INTEGER] - [6]
2022-02-21 15:13:00.603 TRACE 18988 --- [http-nio-8081-exec-8] o.h.type.descriptor.sql.BasicBinder      : binding parameter [1] as [INTEGER] - [1]
2022-02-21 15:13:00.604 TRACE 18988 --- [http-nio-8081-exec-8] o.h.type.descriptor.sql.BasicBinder      : binding parameter [1] as [INTEGER] - [2]
2022-02-21 15:13:00.606 TRACE 18988 --- [http-nio-8081-exec-8] o.h.type.descriptor.sql.BasicBinder      : binding parameter [1] as [INTEGER] - [5]
2022-02-21 15:13:00.608 TRACE 18988 --- [http-nio-8081-exec-8] o.h.type.descriptor.sql.BasicBinder      : binding parameter [1] as [INTEGER] - [6]
2022-02-21 15:13:06.538 TRACE 18988 --- [http-nio-8081-exec-10] o.h.type.descriptor.sql.BasicBinder      : binding parameter [1] as [INTEGER] - [1]
2022-02-21 15:13:06.540 TRACE 18988 --- [http-nio-8081-exec-10] o.h.type.descriptor.sql.BasicBinder      : binding parameter [1] as [INTEGER] - [2]
2022-02-21 15:13:06.542 TRACE 18988 --- [http-nio-8081-exec-10] o.h.type.descriptor.sql.BasicBinder      : binding parameter [1] as [INTEGER] - [5]
2022-02-21 15:13:06.544 TRACE 18988 --- [http-nio-8081-exec-10] o.h.type.descriptor.sql.BasicBinder      : binding parameter [1] as [INTEGER] - [6]
2022-02-21 15:13:16.002 TRACE 18988 --- [http-nio-8081-exec-2] o.h.type.descriptor.sql.BasicBinder      : binding parameter [1] as [INTEGER] - [1]
2022-02-21 15:13:16.004 TRACE 18988 --- [http-nio-8081-exec-2] o.h.type.descriptor.sql.BasicBinder      : binding parameter [1] as [INTEGER] - [2]
2022-02-21 15:13:16.005 TRACE 18988 --- [http-nio-8081-exec-2] o.h.type.descriptor.sql.BasicBinder      : binding parameter [1] as [INTEGER] - [5]
2022-02-21 15:13:16.006 TRACE 18988 --- [http-nio-8081-exec-2] o.h.type.descriptor.sql.BasicBinder      : binding parameter [1] as [INTEGER] - [6]
2022-02-21 15:13:47.817 TRACE 18988 --- [http-nio-8081-exec-4] o.h.type.descriptor.sql.BasicBinder      : binding parameter [1] as [INTEGER] - [1]
2022-02-21 15:13:47.820 TRACE 18988 --- [http-nio-8081-exec-4] o.h.type.descriptor.sql.BasicBinder      : binding parameter [1] as [INTEGER] - [2]
2022-02-21 15:13:47.822 TRACE 18988 --- [http-nio-8081-exec-4] o.h.type.descriptor.sql.BasicBinder      : binding parameter [1] as [INTEGER] - [5]
2022-02-21 15:13:47.823 TRACE 18988 --- [http-nio-8081-exec-4] o.h.type.descriptor.sql.BasicBinder      : binding parameter [1] as [INTEGER] - [6]
2022-02-21 15:15:42.705 TRACE 18988 --- [http-nio-8081-exec-10] o.h.type.descriptor.sql.BasicBinder      : binding parameter [1] as [INTEGER] - [1]
2022-02-21 15:15:42.708 TRACE 18988 --- [http-nio-8081-exec-10] o.h.type.descriptor.sql.BasicBinder      : binding parameter [1] as [INTEGER] - [2]
2022-02-21 15:15:42.709 TRACE 18988 --- [http-nio-8081-exec-10] o.h.type.descriptor.sql.BasicBinder      : binding parameter [1] as [INTEGER] - [5]
2022-02-21 15:15:42.711 TRACE 18988 --- [http-nio-8081-exec-10] o.h.type.descriptor.sql.BasicBinder      : binding parameter [1] as [INTEGER] - [6]
2022-02-21 15:16:28.776 TRACE 18988 --- [http-nio-8081-exec-1] o.h.type.descriptor.sql.BasicBinder      : binding parameter [1] as [INTEGER] - [1]
2022-02-21 15:16:28.777 TRACE 18988 --- [http-nio-8081-exec-1] o.h.type.descriptor.sql.BasicBinder      : binding parameter [1] as [INTEGER] - [2]
2022-02-21 15:16:28.780 TRACE 18988 --- [http-nio-8081-exec-1] o.h.type.descriptor.sql.BasicBinder      : binding parameter [1] as [INTEGER] - [5]
2022-02-21 15:16:28.781 TRACE 18988 --- [http-nio-8081-exec-1] o.h.type.descriptor.sql.BasicBinder      : binding parameter [1] as [INTEGER] - [6]
2022-02-21 15:16:40.584 TRACE 18988 --- [http-nio-8081-exec-2] o.h.type.descriptor.sql.BasicBinder      : binding parameter [1] as [INTEGER] - [1]
2022-02-21 15:16:40.585 TRACE 18988 --- [http-nio-8081-exec-2] o.h.type.descriptor.sql.BasicBinder      : binding parameter [1] as [INTEGER] - [2]
2022-02-21 15:16:40.587 TRACE 18988 --- [http-nio-8081-exec-2] o.h.type.descriptor.sql.BasicBinder      : binding parameter [1] as [INTEGER] - [5]
2022-02-21 15:16:40.589 TRACE 18988 --- [http-nio-8081-exec-2] o.h.type.descriptor.sql.BasicBinder      : binding parameter [1] as [INTEGER] - [6]
2022-02-21 15:16:54.691 TRACE 18988 --- [http-nio-8081-exec-3] o.h.type.descriptor.sql.BasicBinder      : binding parameter [1] as [INTEGER] - [1]
2022-02-21 15:16:54.694 TRACE 18988 --- [http-nio-8081-exec-3] o.h.type.descriptor.sql.BasicBinder      : binding parameter [1] as [INTEGER] - [2]
2022-02-21 15:16:54.697 TRACE 18988 --- [http-nio-8081-exec-3] o.h.type.descriptor.sql.BasicBinder      : binding parameter [1] as [INTEGER] - [5]
2022-02-21 15:16:54.700 TRACE 18988 --- [http-nio-8081-exec-3] o.h.type.descriptor.sql.BasicBinder      : binding parameter [1] as [INTEGER] - [6]
2022-02-21 15:17:00.473 TRACE 18988 --- [http-nio-8081-exec-4] o.h.type.descriptor.sql.BasicBinder      : binding parameter [1] as [INTEGER] - [1]
2022-02-21 15:17:00.474 TRACE 18988 --- [http-nio-8081-exec-4] o.h.type.descriptor.sql.BasicBinder      : binding parameter [1] as [INTEGER] - [2]
2022-02-21 15:17:00.475 TRACE 18988 --- [http-nio-8081-exec-4] o.h.type.descriptor.sql.BasicBinder      : binding parameter [1] as [INTEGER] - [5]
2022-02-21 15:17:00.477 TRACE 18988 --- [http-nio-8081-exec-4] o.h.type.descriptor.sql.BasicBinder      : binding parameter [1] as [INTEGER] - [6]
2022-02-21 15:17:17.397 TRACE 18988 --- [http-nio-8081-exec-5] o.h.type.descriptor.sql.BasicBinder      : binding parameter [1] as [INTEGER] - [1]
2022-02-21 15:17:17.398 TRACE 18988 --- [http-nio-8081-exec-5] o.h.type.descriptor.sql.BasicBinder      : binding parameter [1] as [INTEGER] - [2]
2022-02-21 15:17:17.400 TRACE 18988 --- [http-nio-8081-exec-5] o.h.type.descriptor.sql.BasicBinder      : binding parameter [1] as [INTEGER] - [5]
2022-02-21 15:17:17.401 TRACE 18988 --- [http-nio-8081-exec-5] o.h.type.descriptor.sql.BasicBinder      : binding parameter [1] as [INTEGER] - [6]
2022-02-21 15:17:46.885 TRACE 18988 --- [http-nio-8081-exec-7] o.h.type.descriptor.sql.BasicBinder      : binding parameter [1] as [INTEGER] - [1]
2022-02-21 15:17:46.887 TRACE 18988 --- [http-nio-8081-exec-7] o.h.type.descriptor.sql.BasicBinder      : binding parameter [1] as [INTEGER] - [2]
2022-02-21 15:17:46.888 TRACE 18988 --- [http-nio-8081-exec-7] o.h.type.descriptor.sql.BasicBinder      : binding parameter [1] as [INTEGER] - [5]
2022-02-21 15:17:46.890 TRACE 18988 --- [http-nio-8081-exec-7] o.h.type.descriptor.sql.BasicBinder      : binding parameter [1] as [INTEGER] - [6]
2022-02-21 15:17:52.214 TRACE 18988 --- [http-nio-8081-exec-6] o.h.type.descriptor.sql.BasicBinder      : binding parameter [1] as [INTEGER] - [1]
2022-02-21 15:17:52.215 TRACE 18988 --- [http-nio-8081-exec-6] o.h.type.descriptor.sql.BasicBinder      : binding parameter [1] as [INTEGER] - [2]
2022-02-21 15:17:52.216 TRACE 18988 --- [http-nio-8081-exec-6] o.h.type.descriptor.sql.BasicBinder      : binding parameter [1] as [INTEGER] - [5]
2022-02-21 15:17:52.218 TRACE 18988 --- [http-nio-8081-exec-6] o.h.type.descriptor.sql.BasicBinder      : binding parameter [1] as [INTEGER] - [6]
2022-02-21 15:18:01.057 TRACE 18988 --- [http-nio-8081-exec-8] o.h.type.descriptor.sql.BasicBinder      : binding parameter [1] as [INTEGER] - [1]
2022-02-21 15:18:01.058 TRACE 18988 --- [http-nio-8081-exec-8] o.h.type.descriptor.sql.BasicBinder      : binding parameter [1] as [INTEGER] - [2]
2022-02-21 15:18:01.063 TRACE 18988 --- [http-nio-8081-exec-8] o.h.type.descriptor.sql.BasicBinder      : binding parameter [1] as [INTEGER] - [5]
2022-02-21 15:18:01.066 TRACE 18988 --- [http-nio-8081-exec-8] o.h.type.descriptor.sql.BasicBinder      : binding parameter [1] as [INTEGER] - [6]
2022-02-21 15:18:36.833 TRACE 18988 --- [http-nio-8081-exec-9] o.h.type.descriptor.sql.BasicBinder      : binding parameter [1] as [INTEGER] - [1]
2022-02-21 15:18:36.835 TRACE 18988 --- [http-nio-8081-exec-9] o.h.type.descriptor.sql.BasicBinder      : binding parameter [1] as [INTEGER] - [2]
2022-02-21 15:18:36.836 TRACE 18988 --- [http-nio-8081-exec-9] o.h.type.descriptor.sql.BasicBinder      : binding parameter [1] as [INTEGER] - [5]
2022-02-21 15:18:36.838 TRACE 18988 --- [http-nio-8081-exec-9] o.h.type.descriptor.sql.BasicBinder      : binding parameter [1] as [INTEGER] - [6]
2022-02-21 15:18:57.843 TRACE 18988 --- [http-nio-8081-exec-1] o.h.type.descriptor.sql.BasicBinder      : binding parameter [1] as [INTEGER] - [1]
2022-02-21 15:18:57.850 TRACE 18988 --- [http-nio-8081-exec-1] o.h.type.descriptor.sql.BasicBinder      : binding parameter [1] as [INTEGER] - [2]
2022-02-21 15:18:57.852 TRACE 18988 --- [http-nio-8081-exec-1] o.h.type.descriptor.sql.BasicBinder      : binding parameter [1] as [INTEGER] - [5]
2022-02-21 15:18:57.853 TRACE 18988 --- [http-nio-8081-exec-1] o.h.type.descriptor.sql.BasicBinder      : binding parameter [1] as [INTEGER] - [6]
2022-02-21 15:19:16.567 TRACE 18988 --- [http-nio-8081-exec-3] o.h.type.descriptor.sql.BasicBinder      : binding parameter [1] as [INTEGER] - [1]
2022-02-21 15:19:16.569 TRACE 18988 --- [http-nio-8081-exec-3] o.h.type.descriptor.sql.BasicBinder      : binding parameter [1] as [INTEGER] - [2]
2022-02-21 15:19:16.571 TRACE 18988 --- [http-nio-8081-exec-3] o.h.type.descriptor.sql.BasicBinder      : binding parameter [1] as [INTEGER] - [5]
2022-02-21 15:19:16.574 TRACE 18988 --- [http-nio-8081-exec-3] o.h.type.descriptor.sql.BasicBinder      : binding parameter [1] as [INTEGER] - [6]
2022-02-21 15:20:00.152 TRACE 18988 --- [http-nio-8081-exec-5] o.h.type.descriptor.sql.BasicBinder      : binding parameter [1] as [INTEGER] - [1]
2022-02-21 15:20:00.156 TRACE 18988 --- [http-nio-8081-exec-5] o.h.type.descriptor.sql.BasicBinder      : binding parameter [1] as [INTEGER] - [2]
2022-02-21 15:20:00.159 TRACE 18988 --- [http-nio-8081-exec-5] o.h.type.descriptor.sql.BasicBinder      : binding parameter [1] as [INTEGER] - [5]
2022-02-21 15:20:00.160 TRACE 18988 --- [http-nio-8081-exec-5] o.h.type.descriptor.sql.BasicBinder      : binding parameter [1] as [INTEGER] - [6]
2022-02-21 15:20:03.590 TRACE 18988 --- [http-nio-8081-exec-6] o.h.type.descriptor.sql.BasicBinder      : binding parameter [1] as [INTEGER] - [1]
2022-02-21 15:20:03.592 TRACE 18988 --- [http-nio-8081-exec-6] o.h.type.descriptor.sql.BasicBinder      : binding parameter [1] as [INTEGER] - [2]
2022-02-21 15:20:03.593 TRACE 18988 --- [http-nio-8081-exec-6] o.h.type.descriptor.sql.BasicBinder      : binding parameter [1] as [INTEGER] - [5]
2022-02-21 15:20:03.594 TRACE 18988 --- [http-nio-8081-exec-6] o.h.type.descriptor.sql.BasicBinder      : binding parameter [1] as [INTEGER] - [6]
2022-02-21 15:37:24.833 TRACE 18988 --- [http-nio-8081-exec-9] o.h.type.descriptor.sql.BasicBinder      : binding parameter [1] as [INTEGER] - [1]
2022-02-21 15:37:24.835 TRACE 18988 --- [http-nio-8081-exec-9] o.h.type.descriptor.sql.BasicBinder      : binding parameter [1] as [INTEGER] - [2]
2022-02-21 15:37:24.837 TRACE 18988 --- [http-nio-8081-exec-9] o.h.type.descriptor.sql.BasicBinder      : binding parameter [1] as [INTEGER] - [5]
2022-02-21 15:37:24.839 TRACE 18988 --- [http-nio-8081-exec-9] o.h.type.descriptor.sql.BasicBinder      : binding parameter [1] as [INTEGER] - [6]
2022-02-21 15:37:31.250 TRACE 18988 --- [http-nio-8081-exec-10] o.h.type.descriptor.sql.BasicBinder      : binding parameter [1] as [INTEGER] - [1]
2022-02-21 15:37:31.252 TRACE 18988 --- [http-nio-8081-exec-10] o.h.type.descriptor.sql.BasicBinder      : binding parameter [1] as [INTEGER] - [2]
2022-02-21 15:37:31.256 TRACE 18988 --- [http-nio-8081-exec-10] o.h.type.descriptor.sql.BasicBinder      : binding parameter [1] as [INTEGER] - [5]
2022-02-21 15:37:31.257 TRACE 18988 --- [http-nio-8081-exec-10] o.h.type.descriptor.sql.BasicBinder      : binding parameter [1] as [INTEGER] - [6]
2022-02-21 15:38:00.270 TRACE 18988 --- [http-nio-8081-exec-2] o.h.type.descriptor.sql.BasicBinder      : binding parameter [1] as [INTEGER] - [1]
2022-02-21 15:38:00.271 TRACE 18988 --- [http-nio-8081-exec-2] o.h.type.descriptor.sql.BasicBinder      : binding parameter [1] as [INTEGER] - [2]
2022-02-21 15:38:00.273 TRACE 18988 --- [http-nio-8081-exec-2] o.h.type.descriptor.sql.BasicBinder      : binding parameter [1] as [INTEGER] - [5]
2022-02-21 15:38:00.274 TRACE 18988 --- [http-nio-8081-exec-2] o.h.type.descriptor.sql.BasicBinder      : binding parameter [1] as [INTEGER] - [6]
2022-02-21 15:39:22.982 TRACE 18988 --- [http-nio-8081-exec-4] o.h.type.descriptor.sql.BasicBinder      : binding parameter [1] as [INTEGER] - [1]
2022-02-21 15:39:22.985 TRACE 18988 --- [http-nio-8081-exec-4] o.h.type.descriptor.sql.BasicBinder      : binding parameter [1] as [INTEGER] - [2]
2022-02-21 15:39:22.986 TRACE 18988 --- [http-nio-8081-exec-4] o.h.type.descriptor.sql.BasicBinder      : binding parameter [1] as [INTEGER] - [5]
2022-02-21 15:39:22.988 TRACE 18988 --- [http-nio-8081-exec-4] o.h.type.descriptor.sql.BasicBinder      : binding parameter [1] as [INTEGER] - [6]
2022-02-21 15:39:37.917 TRACE 18988 --- [http-nio-8081-exec-7] o.h.type.descriptor.sql.BasicBinder      : binding parameter [1] as [INTEGER] - [1]
2022-02-21 15:39:37.921 TRACE 18988 --- [http-nio-8081-exec-7] o.h.type.descriptor.sql.BasicBinder      : binding parameter [1] as [INTEGER] - [2]
2022-02-21 15:39:37.923 TRACE 18988 --- [http-nio-8081-exec-7] o.h.type.descriptor.sql.BasicBinder      : binding parameter [1] as [INTEGER] - [5]
2022-02-21 15:39:37.923 TRACE 18988 --- [http-nio-8081-exec-7] o.h.type.descriptor.sql.BasicBinder      : binding parameter [1] as [INTEGER] - [6]
2022-02-21 15:40:15.430 TRACE 18988 --- [http-nio-8081-exec-8] o.h.type.descriptor.sql.BasicBinder      : binding parameter [1] as [INTEGER] - [1]
2022-02-21 15:40:15.432 TRACE 18988 --- [http-nio-8081-exec-8] o.h.type.descriptor.sql.BasicBinder      : binding parameter [1] as [INTEGER] - [2]
2022-02-21 15:40:15.433 TRACE 18988 --- [http-nio-8081-exec-8] o.h.type.descriptor.sql.BasicBinder      : binding parameter [1] as [INTEGER] - [5]
2022-02-21 15:40:15.434 TRACE 18988 --- [http-nio-8081-exec-8] o.h.type.descriptor.sql.BasicBinder      : binding parameter [1] as [INTEGER] - [6]
2022-02-21 15:40:35.137 TRACE 18988 --- [http-nio-8081-exec-10] o.h.type.descriptor.sql.BasicBinder      : binding parameter [1] as [INTEGER] - [1]
2022-02-21 15:40:35.141 TRACE 18988 --- [http-nio-8081-exec-10] o.h.type.descriptor.sql.BasicBinder      : binding parameter [1] as [INTEGER] - [2]
2022-02-21 15:40:35.141 TRACE 18988 --- [http-nio-8081-exec-10] o.h.type.descriptor.sql.BasicBinder      : binding parameter [1] as [INTEGER] - [5]
2022-02-21 15:40:35.142 TRACE 18988 --- [http-nio-8081-exec-10] o.h.type.descriptor.sql.BasicBinder      : binding parameter [1] as [INTEGER] - [6]
2022-02-21 15:41:02.402 TRACE 18988 --- [http-nio-8081-exec-2] o.h.type.descriptor.sql.BasicBinder      : binding parameter [1] as [INTEGER] - [1]
2022-02-21 15:41:02.406 TRACE 18988 --- [http-nio-8081-exec-2] o.h.type.descriptor.sql.BasicBinder      : binding parameter [1] as [INTEGER] - [2]
2022-02-21 15:41:02.406 TRACE 18988 --- [http-nio-8081-exec-2] o.h.type.descriptor.sql.BasicBinder      : binding parameter [1] as [INTEGER] - [5]
2022-02-21 15:41:02.407 TRACE 18988 --- [http-nio-8081-exec-2] o.h.type.descriptor.sql.BasicBinder      : binding parameter [1] as [INTEGER] - [6]
2022-02-21 15:41:10.559 TRACE 18988 --- [http-nio-8081-exec-3] o.h.type.descriptor.sql.BasicBinder      : binding parameter [1] as [INTEGER] - [1]
2022-02-21 15:41:10.560 TRACE 18988 --- [http-nio-8081-exec-3] o.h.type.descriptor.sql.BasicBinder      : binding parameter [1] as [INTEGER] - [2]
2022-02-21 15:41:10.561 TRACE 18988 --- [http-nio-8081-exec-3] o.h.type.descriptor.sql.BasicBinder      : binding parameter [1] as [INTEGER] - [5]
2022-02-21 15:41:10.563 TRACE 18988 --- [http-nio-8081-exec-3] o.h.type.descriptor.sql.BasicBinder      : binding parameter [1] as [INTEGER] - [6]
2022-02-21 15:42:22.368 TRACE 18988 --- [http-nio-8081-exec-5] o.h.type.descriptor.sql.BasicBinder      : binding parameter [1] as [INTEGER] - [1]
2022-02-21 15:42:22.371 TRACE 18988 --- [http-nio-8081-exec-5] o.h.type.descriptor.sql.BasicBinder      : binding parameter [1] as [INTEGER] - [2]
2022-02-21 15:42:22.372 TRACE 18988 --- [http-nio-8081-exec-5] o.h.type.descriptor.sql.BasicBinder      : binding parameter [1] as [INTEGER] - [5]
2022-02-21 15:42:22.373 TRACE 18988 --- [http-nio-8081-exec-5] o.h.type.descriptor.sql.BasicBinder      : binding parameter [1] as [INTEGER] - [6]
2022-02-21 15:42:44.256 TRACE 18988 --- [http-nio-8081-exec-6] o.h.type.descriptor.sql.BasicBinder      : binding parameter [1] as [INTEGER] - [1]
2022-02-21 15:42:44.258 TRACE 18988 --- [http-nio-8081-exec-6] o.h.type.descriptor.sql.BasicBinder      : binding parameter [1] as [INTEGER] - [2]
2022-02-21 15:42:44.260 TRACE 18988 --- [http-nio-8081-exec-6] o.h.type.descriptor.sql.BasicBinder      : binding parameter [1] as [INTEGER] - [5]
2022-02-21 15:42:44.261 TRACE 18988 --- [http-nio-8081-exec-6] o.h.type.descriptor.sql.BasicBinder      : binding parameter [1] as [INTEGER] - [6]
2022-02-21 15:45:04.060 TRACE 18988 --- [http-nio-8081-exec-9] o.h.type.descriptor.sql.BasicBinder      : binding parameter [1] as [INTEGER] - [1]
2022-02-21 15:45:04.062 TRACE 18988 --- [http-nio-8081-exec-9] o.h.type.descriptor.sql.BasicBinder      : binding parameter [1] as [INTEGER] - [2]
2022-02-21 15:45:04.064 TRACE 18988 --- [http-nio-8081-exec-9] o.h.type.descriptor.sql.BasicBinder      : binding parameter [1] as [INTEGER] - [5]
2022-02-21 15:45:04.065 TRACE 18988 --- [http-nio-8081-exec-9] o.h.type.descriptor.sql.BasicBinder      : binding parameter [1] as [INTEGER] - [6]
2022-02-21 15:49:08.111 TRACE 18988 --- [http-nio-8081-exec-1] o.h.type.descriptor.sql.BasicBinder      : binding parameter [1] as [INTEGER] - [1]
2022-02-21 15:49:08.463 TRACE 18988 --- [http-nio-8081-exec-1] o.h.type.descriptor.sql.BasicBinder      : binding parameter [1] as [INTEGER] - [2]
2022-02-21 15:49:08.465 TRACE 18988 --- [http-nio-8081-exec-1] o.h.type.descriptor.sql.BasicBinder      : binding parameter [1] as [INTEGER] - [5]
2022-02-21 15:49:08.466 TRACE 18988 --- [http-nio-8081-exec-1] o.h.type.descriptor.sql.BasicBinder      : binding parameter [1] as [INTEGER] - [6]
2022-02-21 15:49:33.325 TRACE 18988 --- [http-nio-8081-exec-3] o.h.type.descriptor.sql.BasicBinder      : binding parameter [1] as [INTEGER] - [1]
2022-02-21 15:49:33.328 TRACE 18988 --- [http-nio-8081-exec-3] o.h.type.descriptor.sql.BasicBinder      : binding parameter [1] as [INTEGER] - [2]
2022-02-21 15:49:33.329 TRACE 18988 --- [http-nio-8081-exec-3] o.h.type.descriptor.sql.BasicBinder      : binding parameter [1] as [INTEGER] - [5]
2022-02-21 15:49:33.330 TRACE 18988 --- [http-nio-8081-exec-3] o.h.type.descriptor.sql.BasicBinder      : binding parameter [1] as [INTEGER] - [6]
2022-02-21 15:51:17.443 TRACE 18988 --- [http-nio-8081-exec-7] o.h.type.descriptor.sql.BasicBinder      : binding parameter [1] as [INTEGER] - [1]
2022-02-21 15:51:17.445 TRACE 18988 --- [http-nio-8081-exec-7] o.h.type.descriptor.sql.BasicBinder      : binding parameter [1] as [INTEGER] - [2]
2022-02-21 15:51:17.446 TRACE 18988 --- [http-nio-8081-exec-7] o.h.type.descriptor.sql.BasicBinder      : binding parameter [1] as [INTEGER] - [5]
2022-02-21 15:51:17.447 TRACE 18988 --- [http-nio-8081-exec-7] o.h.type.descriptor.sql.BasicBinder      : binding parameter [1] as [INTEGER] - [6]
2022-02-21 15:51:30.164 TRACE 18988 --- [http-nio-8081-exec-8] o.h.type.descriptor.sql.BasicBinder      : binding parameter [1] as [INTEGER] - [1]
2022-02-21 15:51:30.166 TRACE 18988 --- [http-nio-8081-exec-8] o.h.type.descriptor.sql.BasicBinder      : binding parameter [1] as [INTEGER] - [2]
2022-02-21 15:51:30.167 TRACE 18988 --- [http-nio-8081-exec-8] o.h.type.descriptor.sql.BasicBinder      : binding parameter [1] as [INTEGER] - [5]
2022-02-21 15:51:30.169 TRACE 18988 --- [http-nio-8081-exec-8] o.h.type.descriptor.sql.BasicBinder      : binding parameter [1] as [INTEGER] - [6]
2022-02-21 15:51:44.628 TRACE 18988 --- [http-nio-8081-exec-10] o.h.type.descriptor.sql.BasicBinder      : binding parameter [1] as [INTEGER] - [1]
2022-02-21 15:51:44.630 TRACE 18988 --- [http-nio-8081-exec-10] o.h.type.descriptor.sql.BasicBinder      : binding parameter [1] as [INTEGER] - [2]
2022-02-21 15:51:44.631 TRACE 18988 --- [http-nio-8081-exec-10] o.h.type.descriptor.sql.BasicBinder      : binding parameter [1] as [INTEGER] - [5]
2022-02-21 15:51:44.635 TRACE 18988 --- [http-nio-8081-exec-10] o.h.type.descriptor.sql.BasicBinder      : binding parameter [1] as [INTEGER] - [6]
2022-02-21 15:52:16.519 TRACE 18988 --- [http-nio-8081-exec-2] o.h.type.descriptor.sql.BasicBinder      : binding parameter [1] as [INTEGER] - [1]
2022-02-21 15:52:16.520 TRACE 18988 --- [http-nio-8081-exec-2] o.h.type.descriptor.sql.BasicBinder      : binding parameter [1] as [INTEGER] - [2]
2022-02-21 15:52:16.522 TRACE 18988 --- [http-nio-8081-exec-2] o.h.type.descriptor.sql.BasicBinder      : binding parameter [1] as [INTEGER] - [5]
2022-02-21 15:52:16.524 TRACE 18988 --- [http-nio-8081-exec-2] o.h.type.descriptor.sql.BasicBinder      : binding parameter [1] as [INTEGER] - [6]
2022-02-21 15:52:46.600 TRACE 18988 --- [http-nio-8081-exec-4] o.h.type.descriptor.sql.BasicBinder      : binding parameter [1] as [INTEGER] - [1]
2022-02-21 15:52:46.603 TRACE 18988 --- [http-nio-8081-exec-4] o.h.type.descriptor.sql.BasicBinder      : binding parameter [1] as [INTEGER] - [2]
2022-02-21 15:52:46.605 TRACE 18988 --- [http-nio-8081-exec-4] o.h.type.descriptor.sql.BasicBinder      : binding parameter [1] as [INTEGER] - [5]
2022-02-21 15:52:46.607 TRACE 18988 --- [http-nio-8081-exec-4] o.h.type.descriptor.sql.BasicBinder      : binding parameter [1] as [INTEGER] - [6]
2022-02-21 15:53:12.087 TRACE 18988 --- [http-nio-8081-exec-7] o.h.type.descriptor.sql.BasicBinder      : binding parameter [1] as [INTEGER] - [1]
2022-02-21 15:53:12.089 TRACE 18988 --- [http-nio-8081-exec-7] o.h.type.descriptor.sql.BasicBinder      : binding parameter [1] as [INTEGER] - [2]
2022-02-21 15:53:12.090 TRACE 18988 --- [http-nio-8081-exec-7] o.h.type.descriptor.sql.BasicBinder      : binding parameter [1] as [INTEGER] - [5]
2022-02-21 15:53:12.091 TRACE 18988 --- [http-nio-8081-exec-7] o.h.type.descriptor.sql.BasicBinder      : binding parameter [1] as [INTEGER] - [6]
2022-02-21 15:53:20.306 TRACE 18988 --- [http-nio-8081-exec-8] o.h.type.descriptor.sql.BasicBinder      : binding parameter [1] as [INTEGER] - [1]
2022-02-21 15:53:20.307 TRACE 18988 --- [http-nio-8081-exec-8] o.h.type.descriptor.sql.BasicBinder      : binding parameter [1] as [INTEGER] - [2]
2022-02-21 15:53:20.308 TRACE 18988 --- [http-nio-8081-exec-8] o.h.type.descriptor.sql.BasicBinder      : binding parameter [1] as [INTEGER] - [5]
2022-02-21 15:53:20.309 TRACE 18988 --- [http-nio-8081-exec-8] o.h.type.descriptor.sql.BasicBinder      : binding parameter [1] as [INTEGER] - [6]
2022-02-21 16:01:18.829 TRACE 18988 --- [http-nio-8081-exec-10] o.h.type.descriptor.sql.BasicBinder      : binding parameter [1] as [INTEGER] - [1]
2022-02-21 16:01:18.831 TRACE 18988 --- [http-nio-8081-exec-10] o.h.type.descriptor.sql.BasicBinder      : binding parameter [1] as [INTEGER] - [2]
2022-02-21 16:01:18.832 TRACE 18988 --- [http-nio-8081-exec-10] o.h.type.descriptor.sql.BasicBinder      : binding parameter [1] as [INTEGER] - [5]
2022-02-21 16:01:18.833 TRACE 18988 --- [http-nio-8081-exec-10] o.h.type.descriptor.sql.BasicBinder      : binding parameter [1] as [INTEGER] - [6]
2022-02-21 16:02:13.458 TRACE 18988 --- [http-nio-8081-exec-2] o.h.type.descriptor.sql.BasicBinder      : binding parameter [1] as [INTEGER] - [1]
2022-02-21 16:02:13.459 TRACE 18988 --- [http-nio-8081-exec-2] o.h.type.descriptor.sql.BasicBinder      : binding parameter [1] as [INTEGER] - [2]
2022-02-21 16:02:13.460 TRACE 18988 --- [http-nio-8081-exec-2] o.h.type.descriptor.sql.BasicBinder      : binding parameter [1] as [INTEGER] - [5]
2022-02-21 16:02:13.461 TRACE 18988 --- [http-nio-8081-exec-2] o.h.type.descriptor.sql.BasicBinder      : binding parameter [1] as [INTEGER] - [6]
2022-02-21 16:03:28.078 TRACE 18988 --- [http-nio-8081-exec-4] o.h.type.descriptor.sql.BasicBinder      : binding parameter [1] as [INTEGER] - [1]
2022-02-21 16:03:28.079 TRACE 18988 --- [http-nio-8081-exec-4] o.h.type.descriptor.sql.BasicBinder      : binding parameter [1] as [INTEGER] - [2]
2022-02-21 16:03:28.081 TRACE 18988 --- [http-nio-8081-exec-4] o.h.type.descriptor.sql.BasicBinder      : binding parameter [1] as [INTEGER] - [5]
2022-02-21 16:03:28.084 TRACE 18988 --- [http-nio-8081-exec-4] o.h.type.descriptor.sql.BasicBinder      : binding parameter [1] as [INTEGER] - [6]
2022-02-21 16:04:03.555 TRACE 18988 --- [http-nio-8081-exec-7] o.h.type.descriptor.sql.BasicBinder      : binding parameter [1] as [INTEGER] - [1]
2022-02-21 16:04:03.556 TRACE 18988 --- [http-nio-8081-exec-7] o.h.type.descriptor.sql.BasicBinder      : binding parameter [1] as [INTEGER] - [2]
2022-02-21 16:04:03.558 TRACE 18988 --- [http-nio-8081-exec-7] o.h.type.descriptor.sql.BasicBinder      : binding parameter [1] as [INTEGER] - [5]
2022-02-21 16:04:03.559 TRACE 18988 --- [http-nio-8081-exec-7] o.h.type.descriptor.sql.BasicBinder      : binding parameter [1] as [INTEGER] - [6]
2022-02-21 16:04:15.628 TRACE 18988 --- [http-nio-8081-exec-6] o.h.type.descriptor.sql.BasicBinder      : binding parameter [1] as [INTEGER] - [1]
2022-02-21 16:04:15.629 TRACE 18988 --- [http-nio-8081-exec-6] o.h.type.descriptor.sql.BasicBinder      : binding parameter [1] as [INTEGER] - [2]
2022-02-21 16:04:15.631 TRACE 18988 --- [http-nio-8081-exec-6] o.h.type.descriptor.sql.BasicBinder      : binding parameter [1] as [INTEGER] - [5]
2022-02-21 16:04:15.633 TRACE 18988 --- [http-nio-8081-exec-6] o.h.type.descriptor.sql.BasicBinder      : binding parameter [1] as [INTEGER] - [6]
2022-02-21 16:05:28.329 TRACE 18988 --- [http-nio-8081-exec-9] o.h.type.descriptor.sql.BasicBinder      : binding parameter [1] as [INTEGER] - [1]
2022-02-21 16:05:28.332 TRACE 18988 --- [http-nio-8081-exec-9] o.h.type.descriptor.sql.BasicBinder      : binding parameter [1] as [INTEGER] - [2]
2022-02-21 16:05:28.334 TRACE 18988 --- [http-nio-8081-exec-9] o.h.type.descriptor.sql.BasicBinder      : binding parameter [1] as [INTEGER] - [5]
2022-02-21 16:05:28.335 TRACE 18988 --- [http-nio-8081-exec-9] o.h.type.descriptor.sql.BasicBinder      : binding parameter [1] as [INTEGER] - [6]
2022-02-21 16:21:56.152  INFO 18988 --- [RMI TCP Connection(2)-127.0.0.1] inMXBeanRegistrar$SpringApplicationAdmin : Application shutdown requested.
2022-02-21 16:21:56.625  INFO 18988 --- [RMI TCP Connection(2)-127.0.0.1] j.LocalContainerEntityManagerFactoryBean : Closing JPA EntityManagerFactory for persistence unit 'default'
2022-02-21 16:21:56.641  INFO 18988 --- [RMI TCP Connection(2)-127.0.0.1] com.zaxxer.hikari.HikariDataSource       : HikariPool-1 - Shutdown initiated...
2022-02-21 16:21:56.656  INFO 18988 --- [RMI TCP Connection(2)-127.0.0.1] com.zaxxer.hikari.HikariDataSource       : HikariPool-1 - Shutdown completed.
2022-02-21 16:22:54.349  INFO 15720 --- [main] hechem.spring.BanqueProjetApplication    : Starting BanqueProjetApplication using Java 1.8.0_221 on DESKTOP-C8JGCUS with PID 15720 (D:\Spring\Work\banque_projet\target\classes started by Amine Gongi in D:\Spring\Work\banque_projet)
2022-02-21 16:22:54.349  INFO 15720 --- [main] hechem.spring.BanqueProjetApplication    : No active profile set, falling back to default profiles: default
2022-02-21 16:22:55.025  INFO 15720 --- [main] .s.d.r.c.RepositoryConfigurationDelegate : Bootstrapping Spring Data JPA repositories in DEFAULT mode.
2022-02-21 16:22:55.087  INFO 15720 --- [main] .s.d.r.c.RepositoryConfigurationDelegate : Finished Spring Data repository scanning in 43 ms. Found 5 JPA repository interfaces.
2022-02-21 16:22:55.649  INFO 15720 --- [main] o.s.b.w.embedded.tomcat.TomcatWebServer  : Tomcat initialized with port(s): 8081 (http)
2022-02-21 16:22:55.655  INFO 15720 --- [main] o.apache.catalina.core.StandardService   : Starting service [Tomcat]
2022-02-21 16:22:55.655  INFO 15720 --- [main] org.apache.catalina.core.StandardEngine  : Starting Servlet engine: [Apache Tomcat/9.0.56]
2022-02-21 16:22:55.765  INFO 15720 --- [main] o.a.c.c.C.[Tomcat].[localhost].[/]       : Initializing Spring embedded WebApplicationContext
2022-02-21 16:22:55.765  INFO 15720 --- [main] w.s.c.ServletWebServerApplicationContext : Root WebApplicationContext: initialization completed in 1355 ms
2022-02-21 16:22:55.968  INFO 15720 --- [main] o.hibernate.jpa.internal.util.LogHelper  : HHH000204: Processing PersistenceUnitInfo [name: default]
2022-02-21 16:22:56.015  INFO 15720 --- [main] org.hibernate.Version                    : HHH000412: Hibernate ORM core version 5.6.4.Final
2022-02-21 16:22:56.143  INFO 15720 --- [main] o.hibernate.annotations.common.Version   : HCANN000001: Hibernate Commons Annotations {5.1.2.Final}
2022-02-21 16:22:56.221  INFO 15720 --- [main] com.zaxxer.hikari.HikariDataSource       : HikariPool-1 - Starting...
2022-02-21 16:22:56.471  INFO 15720 --- [main] com.zaxxer.hikari.HikariDataSource       : HikariPool-1 - Start completed.
2022-02-21 16:22:56.487  INFO 15720 --- [main] org.hibernate.dialect.Dialect            : HHH000400: Using dialect: org.hibernate.dialect.MySQL57Dialect
2022-02-21 16:22:57.206  INFO 15720 --- [main] o.h.e.t.j.p.i.JtaPlatformInitiator       : HHH000490: Using JtaPlatform implementation: [org.hibernate.engine.transaction.jta.platform.internal.NoJtaPlatform]
2022-02-21 16:22:57.206  INFO 15720 --- [main] j.LocalContainerEntityManagerFactoryBean : Initialized JPA EntityManagerFactory for persistence unit 'default'
2022-02-21 16:22:57.921  WARN 15720 --- [main] JpaBaseConfiguration$JpaWebConfiguration : spring.jpa.open-in-view is enabled by default. Therefore, database queries may be performed during view rendering. Explicitly configure spring.jpa.open-in-view to disable this warning
2022-02-21 16:22:58.483  INFO 15720 --- [main] o.s.b.w.embedded.tomcat.TomcatWebServer  : Tomcat started on port(s): 8081 (http) with context path ''
2022-02-21 16:22:58.502  INFO 15720 --- [main] hechem.spring.BanqueProjetApplication    : Started BanqueProjetApplication in 4.535 seconds (JVM running for 5.549)
2022-02-21 16:23:09.118  INFO 15720 --- [RMI TCP Connection(2)-127.0.0.1] inMXBeanRegistrar$SpringApplicationAdmin : Application shutdown requested.
2022-02-21 16:23:09.461  INFO 15720 --- [RMI TCP Connection(2)-127.0.0.1] j.LocalContainerEntityManagerFactoryBean : Closing JPA EntityManagerFactory for persistence unit 'default'
2022-02-21 16:23:09.461  INFO 15720 --- [RMI TCP Connection(2)-127.0.0.1] com.zaxxer.hikari.HikariDataSource       : HikariPool-1 - Shutdown initiated...
2022-02-21 16:23:09.477  INFO 15720 --- [RMI TCP Connection(2)-127.0.0.1] com.zaxxer.hikari.HikariDataSource       : HikariPool-1 - Shutdown completed.
